<?xml version="1.0" encoding="UTF-8"?>
<!-- Generated by org.testng.reporters.JUnitReportReporter -->
<testsuite hostname="Vivekanand-Koli" name="org.kale.pcs.ValidLogin" tests="1" failures="0" timestamp="11 Jan 2019 10:03:52 GMT" time="1.214" errors="0">
  <testcase name="loginToRediff" time="1.214" classname="org.kale.pcs.ValidLogin"/>
</testsuite> <!-- org.kale.pcs.ValidLogin -->
